<?xml version="1.0" encoding="UTF-8"?>
<testsuite xmlns:xsi="http://www.w3.org/2001/XMLSchema-instance" xsi:noNamespaceSchemaLocation="https://maven.apache.org/surefire/maven-surefire-plugin/xsd/surefire-test-report-3.0.xsd" version="3.0" name="com.nguyenthanhbang.foodordering.FoodorderingApplicationTests" time="8.156" tests="1" errors="0" skipped="0" failures="0">
  <properties>
    <property name="java.specification.version" value="17"/>
    <property name="sun.cpu.isalist" value="amd64"/>
    <property name="sun.jnu.encoding" value="Cp1252"/>
    <property name="java.class.path" value="D:\Projects\foodordering\backend\target\test-classes;D:\Projects\foodordering\backend\target\classes;C:\Users\BANG\.m2\repository\org\springframework\boot\spring-boot-starter-data-jpa\3.2.2\spring-boot-starter-data-jpa-3.2.2.jar;C:\Users\BANG\.m2\repository\org\springframework\boot\spring-boot-starter-aop\3.2.2\spring-boot-starter-aop-3.2.2.jar;C:\Users\BANG\.m2\repository\org\aspectj\aspectjweaver\1.9.21\aspectjweaver-1.9.21.jar;C:\Users\BANG\.m2\repository\org\springframework\boot\spring-boot-starter-jdbc\3.2.2\spring-boot-starter-jdbc-3.2.2.jar;C:\Users\BANG\.m2\repository\com\zaxxer\HikariCP\5.0.1\HikariCP-5.0.1.jar;C:\Users\BANG\.m2\repository\org\springframework\spring-jdbc\6.1.3\spring-jdbc-6.1.3.jar;C:\Users\BANG\.m2\repository\org\hibernate\orm\hibernate-core\6.4.1.Final\hibernate-core-6.4.1.Final.jar;C:\Users\BANG\.m2\repository\jakarta\persistence\jakarta.persistence-api\3.1.0\jakarta.persistence-api-3.1.0.jar;C:\Users\BANG\.m2\repository\jakarta\transaction\jakarta.transaction-api\2.0.1\jakarta.transaction-api-2.0.1.jar;C:\Users\BANG\.m2\repository\org\jboss\logging\jboss-logging\3.5.3.Final\jboss-logging-3.5.3.Final.jar;C:\Users\BANG\.m2\repository\org\hibernate\common\hibernate-commons-annotations\6.0.6.Final\hibernate-commons-annotations-6.0.6.Final.jar;C:\Users\BANG\.m2\repository\io\smallrye\jandex\3.1.2\jandex-3.1.2.jar;C:\Users\BANG\.m2\repository\com\fasterxml\classmate\1.6.0\classmate-1.6.0.jar;C:\Users\BANG\.m2\repository\net\bytebuddy\byte-buddy\1.14.11\byte-buddy-1.14.11.jar;C:\Users\BANG\.m2\repository\org\glassfish\jaxb\jaxb-runtime\4.0.4\jaxb-runtime-4.0.4.jar;C:\Users\BANG\.m2\repository\org\glassfish\jaxb\jaxb-core\4.0.4\jaxb-core-4.0.4.jar;C:\Users\BANG\.m2\repository\org\glassfish\jaxb\txw2\4.0.4\txw2-4.0.4.jar;C:\Users\BANG\.m2\repository\com\sun\istack\istack-commons-runtime\4.1.2\istack-commons-runtime-4.1.2.jar;C:\Users\BANG\.m2\repository\jakarta\inject\jakarta.inject-api\2.0.1\jakarta.inject-api-2.0.1.jar;C:\Users\BANG\.m2\repository\org\antlr\antlr4-runtime\4.13.0\antlr4-runtime-4.13.0.jar;C:\Users\BANG\.m2\repository\org\springframework\data\spring-data-jpa\3.2.2\spring-data-jpa-3.2.2.jar;C:\Users\BANG\.m2\repository\org\springframework\data\spring-data-commons\3.2.2\spring-data-commons-3.2.2.jar;C:\Users\BANG\.m2\repository\org\springframework\spring-orm\6.1.3\spring-orm-6.1.3.jar;C:\Users\BANG\.m2\repository\org\springframework\spring-context\6.1.3\spring-context-6.1.3.jar;C:\Users\BANG\.m2\repository\org\springframework\spring-tx\6.1.3\spring-tx-6.1.3.jar;C:\Users\BANG\.m2\repository\org\springframework\spring-beans\6.1.3\spring-beans-6.1.3.jar;C:\Users\BANG\.m2\repository\jakarta\annotation\jakarta.annotation-api\2.1.1\jakarta.annotation-api-2.1.1.jar;C:\Users\BANG\.m2\repository\org\slf4j\slf4j-api\2.0.11\slf4j-api-2.0.11.jar;C:\Users\BANG\.m2\repository\org\springframework\spring-aspects\6.1.3\spring-aspects-6.1.3.jar;C:\Users\BANG\.m2\repository\org\postgresql\postgresql\42.6.0\postgresql-42.6.0.jar;C:\Users\BANG\.m2\repository\org\checkerframework\checker-qual\3.31.0\checker-qual-3.31.0.jar;C:\Users\BANG\.m2\repository\org\springframework\boot\spring-boot-starter-security\3.2.2\spring-boot-starter-security-3.2.2.jar;C:\Users\BANG\.m2\repository\org\springframework\boot\spring-boot-starter\3.2.2\spring-boot-starter-3.2.2.jar;C:\Users\BANG\.m2\repository\org\springframework\boot\spring-boot-starter-logging\3.2.2\spring-boot-starter-logging-3.2.2.jar;C:\Users\BANG\.m2\repository\ch\qos\logback\logback-classic\1.4.14\logback-classic-1.4.14.jar;C:\Users\BANG\.m2\repository\ch\qos\logback\logback-core\1.4.14\logback-core-1.4.14.jar;C:\Users\BANG\.m2\repository\org\apache\logging\log4j\log4j-to-slf4j\2.21.1\log4j-to-slf4j-2.21.1.jar;C:\Users\BANG\.m2\repository\org\apache\logging\log4j\log4j-api\2.21.1\log4j-api-2.21.1.jar;C:\Users\BANG\.m2\repository\org\slf4j\jul-to-slf4j\2.0.11\jul-to-slf4j-2.0.11.jar;C:\Users\BANG\.m2\repository\org\yaml\snakeyaml\2.2\snakeyaml-2.2.jar;C:\Users\BANG\.m2\repository\org\springframework\spring-aop\6.1.3\spring-aop-6.1.3.jar;C:\Users\BANG\.m2\repository\org\springframework\security\spring-security-config\6.2.1\spring-security-config-6.2.1.jar;C:\Users\BANG\.m2\repository\org\springframework\security\spring-security-web\6.2.1\spring-security-web-6.2.1.jar;C:\Users\BANG\.m2\repository\org\springframework\spring-expression\6.1.3\spring-expression-6.1.3.jar;C:\Users\BANG\.m2\repository\org\springframework\boot\spring-boot-starter-web\3.2.2\spring-boot-starter-web-3.2.2.jar;C:\Users\BANG\.m2\repository\org\springframework\boot\spring-boot-starter-json\3.2.2\spring-boot-starter-json-3.2.2.jar;C:\Users\BANG\.m2\repository\com\fasterxml\jackson\core\jackson-databind\2.15.3\jackson-databind-2.15.3.jar;C:\Users\BANG\.m2\repository\com\fasterxml\jackson\core\jackson-annotations\2.15.3\jackson-annotations-2.15.3.jar;C:\Users\BANG\.m2\repository\com\fasterxml\jackson\core\jackson-core\2.15.3\jackson-core-2.15.3.jar;C:\Users\BANG\.m2\repository\com\fasterxml\jackson\datatype\jackson-datatype-jdk8\2.15.3\jackson-datatype-jdk8-2.15.3.jar;C:\Users\BANG\.m2\repository\com\fasterxml\jackson\datatype\jackson-datatype-jsr310\2.15.3\jackson-datatype-jsr310-2.15.3.jar;C:\Users\BANG\.m2\repository\com\fasterxml\jackson\module\jackson-module-parameter-names\2.15.3\jackson-module-parameter-names-2.15.3.jar;C:\Users\BANG\.m2\repository\org\springframework\boot\spring-boot-starter-tomcat\3.2.2\spring-boot-starter-tomcat-3.2.2.jar;C:\Users\BANG\.m2\repository\org\apache\tomcat\embed\tomcat-embed-core\10.1.18\tomcat-embed-core-10.1.18.jar;C:\Users\BANG\.m2\repository\org\apache\tomcat\embed\tomcat-embed-websocket\10.1.18\tomcat-embed-websocket-10.1.18.jar;C:\Users\BANG\.m2\repository\org\springframework\spring-web\6.1.3\spring-web-6.1.3.jar;C:\Users\BANG\.m2\repository\io\micrometer\micrometer-observation\1.12.2\micrometer-observation-1.12.2.jar;C:\Users\BANG\.m2\repository\io\micrometer\micrometer-commons\1.12.2\micrometer-commons-1.12.2.jar;C:\Users\BANG\.m2\repository\org\springframework\spring-webmvc\6.1.3\spring-webmvc-6.1.3.jar;C:\Users\BANG\.m2\repository\org\springframework\boot\spring-boot-starter-oauth2-resource-server\3.2.2\spring-boot-starter-oauth2-resource-server-3.2.2.jar;C:\Users\BANG\.m2\repository\org\springframework\security\spring-security-core\6.2.1\spring-security-core-6.2.1.jar;C:\Users\BANG\.m2\repository\org\springframework\security\spring-security-crypto\6.2.1\spring-security-crypto-6.2.1.jar;C:\Users\BANG\.m2\repository\org\springframework\security\spring-security-oauth2-resource-server\6.2.1\spring-security-oauth2-resource-server-6.2.1.jar;C:\Users\BANG\.m2\repository\org\springframework\security\spring-security-oauth2-core\6.2.1\spring-security-oauth2-core-6.2.1.jar;C:\Users\BANG\.m2\repository\org\springframework\security\spring-security-oauth2-jose\6.2.1\spring-security-oauth2-jose-6.2.1.jar;C:\Users\BANG\.m2\repository\com\nimbusds\nimbus-jose-jwt\9.24.4\nimbus-jose-jwt-9.24.4.jar;C:\Users\BANG\.m2\repository\com\github\stephenc\jcip\jcip-annotations\1.0-1\jcip-annotations-1.0-1.jar;C:\Users\BANG\.m2\repository\org\springframework\boot\spring-boot-devtools\3.2.2\spring-boot-devtools-3.2.2.jar;C:\Users\BANG\.m2\repository\org\springframework\boot\spring-boot\3.2.2\spring-boot-3.2.2.jar;C:\Users\BANG\.m2\repository\org\springframework\boot\spring-boot-autoconfigure\3.2.2\spring-boot-autoconfigure-3.2.2.jar;C:\Users\BANG\.m2\repository\com\h2database\h2\2.2.224\h2-2.2.224.jar;C:\Users\BANG\.m2\repository\org\projectlombok\lombok\1.18.30\lombok-1.18.30.jar;C:\Users\BANG\.m2\repository\org\springframework\boot\spring-boot-starter-validation\3.2.2\spring-boot-starter-validation-3.2.2.jar;C:\Users\BANG\.m2\repository\org\apache\tomcat\embed\tomcat-embed-el\10.1.18\tomcat-embed-el-10.1.18.jar;C:\Users\BANG\.m2\repository\org\hibernate\validator\hibernate-validator\8.0.1.Final\hibernate-validator-8.0.1.Final.jar;C:\Users\BANG\.m2\repository\jakarta\validation\jakarta.validation-api\3.0.2\jakarta.validation-api-3.0.2.jar;C:\Users\BANG\.m2\repository\org\springframework\boot\spring-boot-starter-test\3.2.2\spring-boot-starter-test-3.2.2.jar;C:\Users\BANG\.m2\repository\org\springframework\boot\spring-boot-test\3.2.2\spring-boot-test-3.2.2.jar;C:\Users\BANG\.m2\repository\org\springframework\boot\spring-boot-test-autoconfigure\3.2.2\spring-boot-test-autoconfigure-3.2.2.jar;C:\Users\BANG\.m2\repository\com\jayway\jsonpath\json-path\2.8.0\json-path-2.8.0.jar;C:\Users\BANG\.m2\repository\jakarta\xml\bind\jakarta.xml.bind-api\4.0.1\jakarta.xml.bind-api-4.0.1.jar;C:\Users\BANG\.m2\repository\jakarta\activation\jakarta.activation-api\2.1.2\jakarta.activation-api-2.1.2.jar;C:\Users\BANG\.m2\repository\net\minidev\json-smart\2.5.0\json-smart-2.5.0.jar;C:\Users\BANG\.m2\repository\net\minidev\accessors-smart\2.5.0\accessors-smart-2.5.0.jar;C:\Users\BANG\.m2\repository\org\ow2\asm\asm\9.3\asm-9.3.jar;C:\Users\BANG\.m2\repository\org\assertj\assertj-core\3.24.2\assertj-core-3.24.2.jar;C:\Users\BANG\.m2\repository\org\awaitility\awaitility\4.2.0\awaitility-4.2.0.jar;C:\Users\BANG\.m2\repository\org\hamcrest\hamcrest\2.2\hamcrest-2.2.jar;C:\Users\BANG\.m2\repository\org\junit\jupiter\junit-jupiter\5.10.1\junit-jupiter-5.10.1.jar;C:\Users\BANG\.m2\repository\org\junit\jupiter\junit-jupiter-api\5.10.1\junit-jupiter-api-5.10.1.jar;C:\Users\BANG\.m2\repository\org\opentest4j\opentest4j\1.3.0\opentest4j-1.3.0.jar;C:\Users\BANG\.m2\repository\org\junit\platform\junit-platform-commons\1.10.1\junit-platform-commons-1.10.1.jar;C:\Users\BANG\.m2\repository\org\apiguardian\apiguardian-api\1.1.2\apiguardian-api-1.1.2.jar;C:\Users\BANG\.m2\repository\org\junit\jupiter\junit-jupiter-params\5.10.1\junit-jupiter-params-5.10.1.jar;C:\Users\BANG\.m2\repository\org\junit\jupiter\junit-jupiter-engine\5.10.1\junit-jupiter-engine-5.10.1.jar;C:\Users\BANG\.m2\repository\org\junit\platform\junit-platform-engine\1.10.1\junit-platform-engine-1.10.1.jar;C:\Users\BANG\.m2\repository\org\mockito\mockito-core\5.7.0\mockito-core-5.7.0.jar;C:\Users\BANG\.m2\repository\net\bytebuddy\byte-buddy-agent\1.14.11\byte-buddy-agent-1.14.11.jar;C:\Users\BANG\.m2\repository\org\objenesis\objenesis\3.3\objenesis-3.3.jar;C:\Users\BANG\.m2\repository\org\mockito\mockito-junit-jupiter\5.7.0\mockito-junit-jupiter-5.7.0.jar;C:\Users\BANG\.m2\repository\org\skyscreamer\jsonassert\1.5.1\jsonassert-1.5.1.jar;C:\Users\BANG\.m2\repository\com\vaadin\external\google\android-json\0.0.20131108.vaadin1\android-json-0.0.20131108.vaadin1.jar;C:\Users\BANG\.m2\repository\org\springframework\spring-core\6.1.3\spring-core-6.1.3.jar;C:\Users\BANG\.m2\repository\org\springframework\spring-jcl\6.1.3\spring-jcl-6.1.3.jar;C:\Users\BANG\.m2\repository\org\springframework\spring-test\6.1.3\spring-test-6.1.3.jar;C:\Users\BANG\.m2\repository\org\xmlunit\xmlunit-core\2.9.1\xmlunit-core-2.9.1.jar;C:\Users\BANG\.m2\repository\org\springframework\security\spring-security-test\6.2.1\spring-security-test-6.2.1.jar;C:\Users\BANG\.m2\repository\org\springframework\boot\spring-boot-starter-mail\3.2.2\spring-boot-starter-mail-3.2.2.jar;C:\Users\BANG\.m2\repository\org\springframework\spring-context-support\6.1.3\spring-context-support-6.1.3.jar;C:\Users\BANG\.m2\repository\org\eclipse\angus\jakarta.mail\2.0.2\jakarta.mail-2.0.2.jar;C:\Users\BANG\.m2\repository\org\eclipse\angus\angus-activation\2.0.1\angus-activation-2.0.1.jar;C:\Users\BANG\.m2\repository\org\springframework\boot\spring-boot-starter-websocket\3.2.2\spring-boot-starter-websocket-3.2.2.jar;C:\Users\BANG\.m2\repository\org\springframework\spring-messaging\6.1.3\spring-messaging-6.1.3.jar;C:\Users\BANG\.m2\repository\org\springframework\spring-websocket\6.1.3\spring-websocket-6.1.3.jar;"/>
    <property name="java.vm.vendor" value="Oracle Corporation"/>
    <property name="sun.arch.data.model" value="64"/>
    <property name="user.variant" value=""/>
    <property name="java.vendor.url" value="https://java.oracle.com/"/>
    <property name="user.timezone" value="Asia/Saigon"/>
    <property name="org.jboss.logging.provider" value="slf4j"/>
    <property name="os.name" value="Windows 11"/>
    <property name="java.vm.specification.version" value="17"/>
    <property name="sun.java.launcher" value="SUN_STANDARD"/>
    <property name="user.country" value="US"/>
    <property name="sun.boot.library.path" value="C:\Program Files\Java\jdk-17\bin"/>
    <property name="sun.java.command" value="C:\Users\BANG\AppData\Local\Temp\surefire14715059182277733685\surefirebooter-20250816163301965_3.jar C:\Users\BANG\AppData\Local\Temp\surefire14715059182277733685 2025-08-16T16-33-01_776-jvmRun1 surefire-20250816163301965_1tmp surefire_0-20250816163301965_2tmp"/>
    <property name="jdk.debug" value="release"/>
    <property name="surefire.test.class.path" value="D:\Projects\foodordering\backend\target\test-classes;D:\Projects\foodordering\backend\target\classes;C:\Users\BANG\.m2\repository\org\springframework\boot\spring-boot-starter-data-jpa\3.2.2\spring-boot-starter-data-jpa-3.2.2.jar;C:\Users\BANG\.m2\repository\org\springframework\boot\spring-boot-starter-aop\3.2.2\spring-boot-starter-aop-3.2.2.jar;C:\Users\BANG\.m2\repository\org\aspectj\aspectjweaver\1.9.21\aspectjweaver-1.9.21.jar;C:\Users\BANG\.m2\repository\org\springframework\boot\spring-boot-starter-jdbc\3.2.2\spring-boot-starter-jdbc-3.2.2.jar;C:\Users\BANG\.m2\repository\com\zaxxer\HikariCP\5.0.1\HikariCP-5.0.1.jar;C:\Users\BANG\.m2\repository\org\springframework\spring-jdbc\6.1.3\spring-jdbc-6.1.3.jar;C:\Users\BANG\.m2\repository\org\hibernate\orm\hibernate-core\6.4.1.Final\hibernate-core-6.4.1.Final.jar;C:\Users\BANG\.m2\repository\jakarta\persistence\jakarta.persistence-api\3.1.0\jakarta.persistence-api-3.1.0.jar;C:\Users\BANG\.m2\repository\jakarta\transaction\jakarta.transaction-api\2.0.1\jakarta.transaction-api-2.0.1.jar;C:\Users\BANG\.m2\repository\org\jboss\logging\jboss-logging\3.5.3.Final\jboss-logging-3.5.3.Final.jar;C:\Users\BANG\.m2\repository\org\hibernate\common\hibernate-commons-annotations\6.0.6.Final\hibernate-commons-annotations-6.0.6.Final.jar;C:\Users\BANG\.m2\repository\io\smallrye\jandex\3.1.2\jandex-3.1.2.jar;C:\Users\BANG\.m2\repository\com\fasterxml\classmate\1.6.0\classmate-1.6.0.jar;C:\Users\BANG\.m2\repository\net\bytebuddy\byte-buddy\1.14.11\byte-buddy-1.14.11.jar;C:\Users\BANG\.m2\repository\org\glassfish\jaxb\jaxb-runtime\4.0.4\jaxb-runtime-4.0.4.jar;C:\Users\BANG\.m2\repository\org\glassfish\jaxb\jaxb-core\4.0.4\jaxb-core-4.0.4.jar;C:\Users\BANG\.m2\repository\org\glassfish\jaxb\txw2\4.0.4\txw2-4.0.4.jar;C:\Users\BANG\.m2\repository\com\sun\istack\istack-commons-runtime\4.1.2\istack-commons-runtime-4.1.2.jar;C:\Users\BANG\.m2\repository\jakarta\inject\jakarta.inject-api\2.0.1\jakarta.inject-api-2.0.1.jar;C:\Users\BANG\.m2\repository\org\antlr\antlr4-runtime\4.13.0\antlr4-runtime-4.13.0.jar;C:\Users\BANG\.m2\repository\org\springframework\data\spring-data-jpa\3.2.2\spring-data-jpa-3.2.2.jar;C:\Users\BANG\.m2\repository\org\springframework\data\spring-data-commons\3.2.2\spring-data-commons-3.2.2.jar;C:\Users\BANG\.m2\repository\org\springframework\spring-orm\6.1.3\spring-orm-6.1.3.jar;C:\Users\BANG\.m2\repository\org\springframework\spring-context\6.1.3\spring-context-6.1.3.jar;C:\Users\BANG\.m2\repository\org\springframework\spring-tx\6.1.3\spring-tx-6.1.3.jar;C:\Users\BANG\.m2\repository\org\springframework\spring-beans\6.1.3\spring-beans-6.1.3.jar;C:\Users\BANG\.m2\repository\jakarta\annotation\jakarta.annotation-api\2.1.1\jakarta.annotation-api-2.1.1.jar;C:\Users\BANG\.m2\repository\org\slf4j\slf4j-api\2.0.11\slf4j-api-2.0.11.jar;C:\Users\BANG\.m2\repository\org\springframework\spring-aspects\6.1.3\spring-aspects-6.1.3.jar;C:\Users\BANG\.m2\repository\org\postgresql\postgresql\42.6.0\postgresql-42.6.0.jar;C:\Users\BANG\.m2\repository\org\checkerframework\checker-qual\3.31.0\checker-qual-3.31.0.jar;C:\Users\BANG\.m2\repository\org\springframework\boot\spring-boot-starter-security\3.2.2\spring-boot-starter-security-3.2.2.jar;C:\Users\BANG\.m2\repository\org\springframework\boot\spring-boot-starter\3.2.2\spring-boot-starter-3.2.2.jar;C:\Users\BANG\.m2\repository\org\springframework\boot\spring-boot-starter-logging\3.2.2\spring-boot-starter-logging-3.2.2.jar;C:\Users\BANG\.m2\repository\ch\qos\logback\logback-classic\1.4.14\logback-classic-1.4.14.jar;C:\Users\BANG\.m2\repository\ch\qos\logback\logback-core\1.4.14\logback-core-1.4.14.jar;C:\Users\BANG\.m2\repository\org\apache\logging\log4j\log4j-to-slf4j\2.21.1\log4j-to-slf4j-2.21.1.jar;C:\Users\BANG\.m2\repository\org\apache\logging\log4j\log4j-api\2.21.1\log4j-api-2.21.1.jar;C:\Users\BANG\.m2\repository\org\slf4j\jul-to-slf4j\2.0.11\jul-to-slf4j-2.0.11.jar;C:\Users\BANG\.m2\repository\org\yaml\snakeyaml\2.2\snakeyaml-2.2.jar;C:\Users\BANG\.m2\repository\org\springframework\spring-aop\6.1.3\spring-aop-6.1.3.jar;C:\Users\BANG\.m2\repository\org\springframework\security\spring-security-config\6.2.1\spring-security-config-6.2.1.jar;C:\Users\BANG\.m2\repository\org\springframework\security\spring-security-web\6.2.1\spring-security-web-6.2.1.jar;C:\Users\BANG\.m2\repository\org\springframework\spring-expression\6.1.3\spring-expression-6.1.3.jar;C:\Users\BANG\.m2\repository\org\springframework\boot\spring-boot-starter-web\3.2.2\spring-boot-starter-web-3.2.2.jar;C:\Users\BANG\.m2\repository\org\springframework\boot\spring-boot-starter-json\3.2.2\spring-boot-starter-json-3.2.2.jar;C:\Users\BANG\.m2\repository\com\fasterxml\jackson\core\jackson-databind\2.15.3\jackson-databind-2.15.3.jar;C:\Users\BANG\.m2\repository\com\fasterxml\jackson\core\jackson-annotations\2.15.3\jackson-annotations-2.15.3.jar;C:\Users\BANG\.m2\repository\com\fasterxml\jackson\core\jackson-core\2.15.3\jackson-core-2.15.3.jar;C:\Users\BANG\.m2\repository\com\fasterxml\jackson\datatype\jackson-datatype-jdk8\2.15.3\jackson-datatype-jdk8-2.15.3.jar;C:\Users\BANG\.m2\repository\com\fasterxml\jackson\datatype\jackson-datatype-jsr310\2.15.3\jackson-datatype-jsr310-2.15.3.jar;C:\Users\BANG\.m2\repository\com\fasterxml\jackson\module\jackson-module-parameter-names\2.15.3\jackson-module-parameter-names-2.15.3.jar;C:\Users\BANG\.m2\repository\org\springframework\boot\spring-boot-starter-tomcat\3.2.2\spring-boot-starter-tomcat-3.2.2.jar;C:\Users\BANG\.m2\repository\org\apache\tomcat\embed\tomcat-embed-core\10.1.18\tomcat-embed-core-10.1.18.jar;C:\Users\BANG\.m2\repository\org\apache\tomcat\embed\tomcat-embed-websocket\10.1.18\tomcat-embed-websocket-10.1.18.jar;C:\Users\BANG\.m2\repository\org\springframework\spring-web\6.1.3\spring-web-6.1.3.jar;C:\Users\BANG\.m2\repository\io\micrometer\micrometer-observation\1.12.2\micrometer-observation-1.12.2.jar;C:\Users\BANG\.m2\repository\io\micrometer\micrometer-commons\1.12.2\micrometer-commons-1.12.2.jar;C:\Users\BANG\.m2\repository\org\springframework\spring-webmvc\6.1.3\spring-webmvc-6.1.3.jar;C:\Users\BANG\.m2\repository\org\springframework\boot\spring-boot-starter-oauth2-resource-server\3.2.2\spring-boot-starter-oauth2-resource-server-3.2.2.jar;C:\Users\BANG\.m2\repository\org\springframework\security\spring-security-core\6.2.1\spring-security-core-6.2.1.jar;C:\Users\BANG\.m2\repository\org\springframework\security\spring-security-crypto\6.2.1\spring-security-crypto-6.2.1.jar;C:\Users\BANG\.m2\repository\org\springframework\security\spring-security-oauth2-resource-server\6.2.1\spring-security-oauth2-resource-server-6.2.1.jar;C:\Users\BANG\.m2\repository\org\springframework\security\spring-security-oauth2-core\6.2.1\spring-security-oauth2-core-6.2.1.jar;C:\Users\BANG\.m2\repository\org\springframework\security\spring-security-oauth2-jose\6.2.1\spring-security-oauth2-jose-6.2.1.jar;C:\Users\BANG\.m2\repository\com\nimbusds\nimbus-jose-jwt\9.24.4\nimbus-jose-jwt-9.24.4.jar;C:\Users\BANG\.m2\repository\com\github\stephenc\jcip\jcip-annotations\1.0-1\jcip-annotations-1.0-1.jar;C:\Users\BANG\.m2\repository\org\springframework\boot\spring-boot-devtools\3.2.2\spring-boot-devtools-3.2.2.jar;C:\Users\BANG\.m2\repository\org\springframework\boot\spring-boot\3.2.2\spring-boot-3.2.2.jar;C:\Users\BANG\.m2\repository\org\springframework\boot\spring-boot-autoconfigure\3.2.2\spring-boot-autoconfigure-3.2.2.jar;C:\Users\BANG\.m2\repository\com\h2database\h2\2.2.224\h2-2.2.224.jar;C:\Users\BANG\.m2\repository\org\projectlombok\lombok\1.18.30\lombok-1.18.30.jar;C:\Users\BANG\.m2\repository\org\springframework\boot\spring-boot-starter-validation\3.2.2\spring-boot-starter-validation-3.2.2.jar;C:\Users\BANG\.m2\repository\org\apache\tomcat\embed\tomcat-embed-el\10.1.18\tomcat-embed-el-10.1.18.jar;C:\Users\BANG\.m2\repository\org\hibernate\validator\hibernate-validator\8.0.1.Final\hibernate-validator-8.0.1.Final.jar;C:\Users\BANG\.m2\repository\jakarta\validation\jakarta.validation-api\3.0.2\jakarta.validation-api-3.0.2.jar;C:\Users\BANG\.m2\repository\org\springframework\boot\spring-boot-starter-test\3.2.2\spring-boot-starter-test-3.2.2.jar;C:\Users\BANG\.m2\repository\org\springframework\boot\spring-boot-test\3.2.2\spring-boot-test-3.2.2.jar;C:\Users\BANG\.m2\repository\org\springframework\boot\spring-boot-test-autoconfigure\3.2.2\spring-boot-test-autoconfigure-3.2.2.jar;C:\Users\BANG\.m2\repository\com\jayway\jsonpath\json-path\2.8.0\json-path-2.8.0.jar;C:\Users\BANG\.m2\repository\jakarta\xml\bind\jakarta.xml.bind-api\4.0.1\jakarta.xml.bind-api-4.0.1.jar;C:\Users\BANG\.m2\repository\jakarta\activation\jakarta.activation-api\2.1.2\jakarta.activation-api-2.1.2.jar;C:\Users\BANG\.m2\repository\net\minidev\json-smart\2.5.0\json-smart-2.5.0.jar;C:\Users\BANG\.m2\repository\net\minidev\accessors-smart\2.5.0\accessors-smart-2.5.0.jar;C:\Users\BANG\.m2\repository\org\ow2\asm\asm\9.3\asm-9.3.jar;C:\Users\BANG\.m2\repository\org\assertj\assertj-core\3.24.2\assertj-core-3.24.2.jar;C:\Users\BANG\.m2\repository\org\awaitility\awaitility\4.2.0\awaitility-4.2.0.jar;C:\Users\BANG\.m2\repository\org\hamcrest\hamcrest\2.2\hamcrest-2.2.jar;C:\Users\BANG\.m2\repository\org\junit\jupiter\junit-jupiter\5.10.1\junit-jupiter-5.10.1.jar;C:\Users\BANG\.m2\repository\org\junit\jupiter\junit-jupiter-api\5.10.1\junit-jupiter-api-5.10.1.jar;C:\Users\BANG\.m2\repository\org\opentest4j\opentest4j\1.3.0\opentest4j-1.3.0.jar;C:\Users\BANG\.m2\repository\org\junit\platform\junit-platform-commons\1.10.1\junit-platform-commons-1.10.1.jar;C:\Users\BANG\.m2\repository\org\apiguardian\apiguardian-api\1.1.2\apiguardian-api-1.1.2.jar;C:\Users\BANG\.m2\repository\org\junit\jupiter\junit-jupiter-params\5.10.1\junit-jupiter-params-5.10.1.jar;C:\Users\BANG\.m2\repository\org\junit\jupiter\junit-jupiter-engine\5.10.1\junit-jupiter-engine-5.10.1.jar;C:\Users\BANG\.m2\repository\org\junit\platform\junit-platform-engine\1.10.1\junit-platform-engine-1.10.1.jar;C:\Users\BANG\.m2\repository\org\mockito\mockito-core\5.7.0\mockito-core-5.7.0.jar;C:\Users\BANG\.m2\repository\net\bytebuddy\byte-buddy-agent\1.14.11\byte-buddy-agent-1.14.11.jar;C:\Users\BANG\.m2\repository\org\objenesis\objenesis\3.3\objenesis-3.3.jar;C:\Users\BANG\.m2\repository\org\mockito\mockito-junit-jupiter\5.7.0\mockito-junit-jupiter-5.7.0.jar;C:\Users\BANG\.m2\repository\org\skyscreamer\jsonassert\1.5.1\jsonassert-1.5.1.jar;C:\Users\BANG\.m2\repository\com\vaadin\external\google\android-json\0.0.20131108.vaadin1\android-json-0.0.20131108.vaadin1.jar;C:\Users\BANG\.m2\repository\org\springframework\spring-core\6.1.3\spring-core-6.1.3.jar;C:\Users\BANG\.m2\repository\org\springframework\spring-jcl\6.1.3\spring-jcl-6.1.3.jar;C:\Users\BANG\.m2\repository\org\springframework\spring-test\6.1.3\spring-test-6.1.3.jar;C:\Users\BANG\.m2\repository\org\xmlunit\xmlunit-core\2.9.1\xmlunit-core-2.9.1.jar;C:\Users\BANG\.m2\repository\org\springframework\security\spring-security-test\6.2.1\spring-security-test-6.2.1.jar;C:\Users\BANG\.m2\repository\org\springframework\boot\spring-boot-starter-mail\3.2.2\spring-boot-starter-mail-3.2.2.jar;C:\Users\BANG\.m2\repository\org\springframework\spring-context-support\6.1.3\spring-context-support-6.1.3.jar;C:\Users\BANG\.m2\repository\org\eclipse\angus\jakarta.mail\2.0.2\jakarta.mail-2.0.2.jar;C:\Users\BANG\.m2\repository\org\eclipse\angus\angus-activation\2.0.1\angus-activation-2.0.1.jar;C:\Users\BANG\.m2\repository\org\springframework\boot\spring-boot-starter-websocket\3.2.2\spring-boot-starter-websocket-3.2.2.jar;C:\Users\BANG\.m2\repository\org\springframework\spring-messaging\6.1.3\spring-messaging-6.1.3.jar;C:\Users\BANG\.m2\repository\org\springframework\spring-websocket\6.1.3\spring-websocket-6.1.3.jar;"/>
    <property name="sun.cpu.endian" value="little"/>
    <property name="user.home" value="C:\Users\BANG"/>
    <property name="user.language" value="en"/>
    <property name="java.specification.vendor" value="Oracle Corporation"/>
    <property name="java.version.date" value="2023-10-17"/>
    <property name="java.home" value="C:\Program Files\Java\jdk-17"/>
    <property name="file.separator" value="\"/>
    <property name="basedir" value="D:\Projects\foodordering\backend"/>
    <property name="java.vm.compressedOopsMode" value="Zero based"/>
    <property name="line.separator" value="&#10;"/>
    <property name="java.vm.specification.vendor" value="Oracle Corporation"/>
    <property name="java.specification.name" value="Java Platform API Specification"/>
    <property name="FILE_LOG_CHARSET" value="windows-1252"/>
    <property name="java.awt.headless" value="true"/>
    <property name="surefire.real.class.path" value="C:\Users\BANG\AppData\Local\Temp\surefire14715059182277733685\surefirebooter-20250816163301965_3.jar"/>
    <property name="user.script" value=""/>
    <property name="sun.management.compiler" value="HotSpot 64-Bit Tiered Compilers"/>
    <property name="java.runtime.version" value="17.0.9+11-LTS-201"/>
    <property name="user.name" value="BANG"/>
    <property name="path.separator" value=";"/>
    <property name="os.version" value="10.0"/>
    <property name="java.runtime.name" value="Java(TM) SE Runtime Environment"/>
    <property name="file.encoding" value="Cp1252"/>
    <property name="java.vm.name" value="Java HotSpot(TM) 64-Bit Server VM"/>
    <property name="localRepository" value="C:\Users\BANG\.m2\repository"/>
    <property name="java.vendor.url.bug" value="https://bugreport.java.com/bugreport/"/>
    <property name="java.io.tmpdir" value="C:\Users\BANG\AppData\Local\Temp\"/>
    <property name="idea.version" value="2024.2.2"/>
    <property name="com.zaxxer.hikari.pool_number" value="1"/>
    <property name="java.version" value="17.0.9"/>
    <property name="user.dir" value="D:\Projects\foodordering\backend"/>
    <property name="os.arch" value="amd64"/>
    <property name="java.vm.specification.name" value="Java Virtual Machine Specification"/>
    <property name="PID" value="35756"/>
    <property name="sun.os.patch.level" value=""/>
    <property name="CONSOLE_LOG_CHARSET" value="windows-1252"/>
    <property name="native.encoding" value="Cp1252"/>
    <property name="java.library.path" value="C:\Program Files\Java\jdk-17\bin;C:\Windows\Sun\Java\bin;C:\Windows\system32;C:\Windows;C:\Program Files\Java\jdk-21\bin;C:\apache-maven-3.9.9\bin;C:\Program Files\Common Files\Oracle\Java\javapath;C:\Windows\system32;C:\Windows;C:\Windows\System32\Wbem;C:\Windows\System32\WindowsPowerShell\v1.0\;C:\Windows\System32\OpenSSH\;C:\MinGW\bin;C:\ngrok;C:\Program Files\nodejs\;C:\Program Files\Git\cmd;C:\Program Files\TortoiseGit\bin;C:\Program Files\Docker\Docker\resources\bin;C:\Program Files\PostgreSQL\16\bin;C:\Program Files\nodejs\node_modules\npm\bin;C:\Program Files\Java\jdk-21;C:\Users\BANG\AppData\Local\Microsoft\WindowsApps;C:\Users\BANG\AppData\Local\Programs\Microsoft VS Code\bin;C:\Users\BANG\AppData\Roaming\npm;C:\Program Files\JetBrains\IntelliJ IDEA 2024.2.2\bin;;;."/>
    <property name="java.vm.info" value="mixed mode, sharing"/>
    <property name="java.vendor" value="Oracle Corporation"/>
    <property name="java.vm.version" value="17.0.9+11-LTS-201"/>
    <property name="sun.io.unicode.encoding" value="UnicodeLittle"/>
    <property name="java.class.version" value="61.0"/>
    <property name="LOGGED_APPLICATION_NAME" value="[foodordering] "/>
  </properties>
  <testcase name="contextLoads" classname="com.nguyenthanhbang.foodordering.FoodorderingApplicationTests" time="0.738">
    <system-out><![CDATA[16:33:03.104 [main] INFO org.springframework.test.context.support.AnnotationConfigContextLoaderUtils -- Could not detect default configuration classes for test class [com.nguyenthanhbang.foodordering.FoodorderingApplicationTests]: FoodorderingApplicationTests does not declare any static, non-private, non-final, nested classes annotated with @Configuration.
16:33:03.203 [main] INFO org.springframework.boot.test.context.SpringBootTestContextBootstrapper -- Found @SpringBootConfiguration com.nguyenthanhbang.foodordering.FoodorderingApplication for test class com.nguyenthanhbang.foodordering.FoodorderingApplicationTests
16:33:03.406 [main] INFO org.springframework.boot.devtools.restart.RestartApplicationListener -- Restart disabled due to context in which it is running

  .   ____          _            __ _ _
 /\\ / ___'_ __ _ _(_)_ __  __ _ \ \ \ \
( ( )\___ | '_ | '_| | '_ \/ _` | \ \ \ \
 \\/  ___)| |_)| | | | | || (_| |  ) ) ) )
  '  |____| .__|_| |_|_| |_\__, | / / / /
 =========|_|==============|___/=/_/_/_/
 :: Spring Boot ::                (v3.2.2)

2025-08-16T16:33:03.707+07:00  INFO 35756 --- [foodordering] [           main] c.n.f.FoodorderingApplicationTests       : Starting FoodorderingApplicationTests using Java 17.0.9 with PID 35756 (started by BANG in D:\Projects\foodordering\backend)
2025-08-16T16:33:03.710+07:00  INFO 35756 --- [foodordering] [           main] c.n.f.FoodorderingApplicationTests       : The following 1 profile is active: "test"
2025-08-16T16:33:04.767+07:00  INFO 35756 --- [foodordering] [           main] .s.d.r.c.RepositoryConfigurationDelegate : Bootstrapping Spring Data JPA repositories in DEFAULT mode.
2025-08-16T16:33:04.866+07:00  INFO 35756 --- [foodordering] [           main] .s.d.r.c.RepositoryConfigurationDelegate : Finished Spring Data repository scanning in 91 ms. Found 14 JPA repository interfaces.
2025-08-16T16:33:05.473+07:00  INFO 35756 --- [foodordering] [           main] o.hibernate.jpa.internal.util.LogHelper  : HHH000204: Processing PersistenceUnitInfo [name: default]
2025-08-16T16:33:05.538+07:00  INFO 35756 --- [foodordering] [           main] org.hibernate.Version                    : HHH000412: Hibernate ORM core version 6.4.1.Final
2025-08-16T16:33:05.589+07:00  INFO 35756 --- [foodordering] [           main] o.h.c.internal.RegionFactoryInitiator    : HHH000026: Second-level cache disabled
2025-08-16T16:33:05.914+07:00  INFO 35756 --- [foodordering] [           main] o.s.o.j.p.SpringPersistenceUnitInfo      : No LoadTimeWeaver setup: ignoring JPA class transformer
2025-08-16T16:33:05.945+07:00  INFO 35756 --- [foodordering] [           main] com.zaxxer.hikari.HikariDataSource       : HikariPool-1 - Starting...
2025-08-16T16:33:06.108+07:00  INFO 35756 --- [foodordering] [           main] com.zaxxer.hikari.pool.HikariPool        : HikariPool-1 - Added connection conn0: url=jdbc:h2:mem:testdb user=SA
2025-08-16T16:33:06.110+07:00  INFO 35756 --- [foodordering] [           main] com.zaxxer.hikari.HikariDataSource       : HikariPool-1 - Start completed.
2025-08-16T16:33:06.126+07:00  WARN 35756 --- [foodordering] [           main] org.hibernate.orm.deprecation            : HHH90000025: H2Dialect does not need to be specified explicitly using 'hibernate.dialect' (remove the property setting and it will be selected by default)
2025-08-16T16:33:07.486+07:00  INFO 35756 --- [foodordering] [           main] o.h.e.t.j.p.i.JtaPlatformInitiator       : HHH000489: No JTA platform available (set 'hibernate.transaction.jta.platform' to enable JTA platform integration)
Hibernate: drop table if exists addresses cascade 
Hibernate: drop table if exists cartitems cascade 
Hibernate: drop table if exists carts cascade 
Hibernate: drop table if exists categories cascade 
Hibernate: drop table if exists comments cascade 
Hibernate: drop table if exists food_images cascade 
Hibernate: drop table if exists food_ingredient cascade 
Hibernate: drop table if exists foods cascade 
Hibernate: drop table if exists ingredients cascade 
Hibernate: drop table if exists invalid_token cascade 
Hibernate: drop table if exists orderitems cascade 
Hibernate: drop table if exists orders cascade 
Hibernate: drop table if exists reset_password_token cascade 
Hibernate: drop table if exists restaurant_images cascade 
Hibernate: drop table if exists restaurants cascade 
Hibernate: drop table if exists reviews cascade 
Hibernate: drop table if exists user_favourites cascade 
Hibernate: drop table if exists users cascade 
Hibernate: create table addresses (active boolean, created_date timestamp(6) with time zone, id bigint generated by default as identity, modified_date timestamp(6) with time zone, user_id bigint, city varchar(255), created_by varchar(255), district varchar(255), modified_by varchar(255), street varchar(255), ward varchar(255), primary key (id))
Hibernate: create table cartitems (active boolean, quantity integer not null, cart_id bigint, created_date timestamp(6) with time zone, food_id bigint, id bigint generated by default as identity, modified_date timestamp(6) with time zone, total_price bigint not null, created_by varchar(255), modified_by varchar(255), primary key (id))
Hibernate: create table carts (active boolean, sum integer not null, created_date timestamp(6) with time zone, customer_id bigint unique, id bigint generated by default as identity, modified_date timestamp(6) with time zone, total_price bigint not null, created_by varchar(255), modified_by varchar(255), primary key (id))
Hibernate: create table categories (active boolean, created_date timestamp(6) with time zone, id bigint generated by default as identity, modified_date timestamp(6) with time zone, restaurant_id bigint, created_by varchar(255), modified_by varchar(255), name varchar(255), primary key (id))
Hibernate: create table comments (active boolean, created_date timestamp(6) with time zone, id bigint generated by default as identity, modified_date timestamp(6) with time zone, restaurant_id bigint, user_id bigint, content TEXT, created_by varchar(255), modified_by varchar(255), primary key (id))
Hibernate: create table food_images (food_id bigint not null, images varchar(1000))
Hibernate: create table food_ingredient (food_id bigint not null, ingredient_id bigint not null)
Hibernate: create table foods (active boolean, available boolean not null, spicy boolean not null, vegetarian boolean not null, category_id bigint, created_date timestamp(6) with time zone, id bigint generated by default as identity, modified_date timestamp(6) with time zone, price bigint not null, restaurant_id bigint, sold bigint not null, created_by varchar(255), cuisine varchar(255), description varchar(255), modified_by varchar(255), name varchar(255), primary key (id))
Hibernate: create table ingredients (active boolean, created_date timestamp(6) with time zone, id bigint generated by default as identity, modified_date timestamp(6) with time zone, restaurant_id bigint, created_by varchar(255), modified_by varchar(255), name varchar(255), primary key (id))
Hibernate: create table invalid_token (id bigint generated by default as identity, token TEXT, primary key (id))
Hibernate: create table orderitems (active boolean, quantity integer not null, created_date timestamp(6) with time zone, food_id bigint, id bigint generated by default as identity, modified_date timestamp(6) with time zone, order_id bigint, total_price bigint not null, created_by varchar(255), modified_by varchar(255), primary key (id))
Hibernate: create table orders (active boolean, total_items integer not null, created_date timestamp(6) with time zone, customer_id bigint, delivery_address_id bigint, id bigint generated by default as identity, modified_date timestamp(6) with time zone, restaurant_id bigint, total_price bigint not null, created_by varchar(255), modified_by varchar(255), status varchar(255) check (status in ('PENDING','PROCESSING','DELIVERED','CANCELLED')), primary key (id))
Hibernate: create table reset_password_token (expiry_date timestamp(6), id bigint generated by default as identity, user_id bigint unique, token varchar(255), primary key (id))
Hibernate: create table restaurant_images (restaurant_id bigint not null, images varchar(1000))
Hibernate: create table restaurants (active boolean, average_rating float(53) not null, open boolean not null, review_count integer not null, address_id bigint unique, created_date timestamp(6) with time zone, id bigint generated by default as identity, modified_date timestamp(6) with time zone, owner_id bigint unique, created_by varchar(255), description varchar(255), email varchar(255), facebook varchar(255), instagram varchar(255), modified_by varchar(255), name varchar(255), opening_hours varchar(255), phone_number varchar(255), primary key (id))
Hibernate: create table reviews (active boolean, rating integer not null, created_date timestamp(6) with time zone, id bigint generated by default as identity, modified_date timestamp(6) with time zone, restaurant_id bigint, user_id bigint, created_by varchar(255), modified_by varchar(255), primary key (id))
Hibernate: create table user_favourites (restaurant_id bigint not null, user_id bigint not null)
Hibernate: create table users (active boolean, created_date timestamp(6) with time zone, id bigint generated by default as identity, modified_date timestamp(6) with time zone, avatar varchar(255), created_by varchar(255), email varchar(255), full_name varchar(255), gender varchar(255) check (gender in ('MALE','FEMALE','OTHER')), modified_by varchar(255), password varchar(255), refresh_token TEXT, role varchar(255) check (role in ('ADMIN','CUSTOMER','RESTAURANT_OWNER')), primary key (id))
Hibernate: alter table if exists addresses add constraint FK1fa36y2oqhao3wgg2rw1pi459 foreign key (user_id) references users
Hibernate: alter table if exists cartitems add constraint FKqbf3k33jhqlj6hhuqc4n65s3d foreign key (cart_id) references carts
Hibernate: alter table if exists cartitems add constraint FKo7kh4q9ego57iw6fxdflddrw5 foreign key (food_id) references foods
Hibernate: alter table if exists carts add constraint FK99i1rh5nm7r3f1b3wdcuq5h57 foreign key (customer_id) references users
Hibernate: alter table if exists categories add constraint FKtdst21nbth66utu5rvifn5x4a foreign key (restaurant_id) references restaurants
Hibernate: alter table if exists comments add constraint FK1mg7fv8grmac9w8if19l3qxn foreign key (restaurant_id) references restaurants
Hibernate: alter table if exists comments add constraint FK8omq0tc18jd43bu5tjh6jvraq foreign key (user_id) references users
Hibernate: alter table if exists food_images add constraint FKcjvuyg5u6bluono3r4ppr9dd foreign key (food_id) references foods
Hibernate: alter table if exists food_ingredient add constraint FK8iinm16w5lx76dtr9wl1ye6yu foreign key (ingredient_id) references ingredients
Hibernate: alter table if exists food_ingredient add constraint FKifkhmgcmlsoi4rvpadjlph67c foreign key (food_id) references foods
Hibernate: alter table if exists foods add constraint FKpaltlojk6ds73o9vn3f2ri9gk foreign key (category_id) references categories
Hibernate: alter table if exists foods add constraint FKri2j6b6x4h4y1gn9ydwx02txp foreign key (restaurant_id) references restaurants
Hibernate: alter table if exists ingredients add constraint FKspy5soghmv48ax8dqgplf290j foreign key (restaurant_id) references restaurants
Hibernate: alter table if exists orderitems add constraint FKqk0tfxvx3bofo7w9rshjng4h foreign key (food_id) references foods
Hibernate: alter table if exists orderitems add constraint FKm3mp87f5ygbbfuqfdhc09y9a foreign key (order_id) references orders
Hibernate: alter table if exists orders add constraint FKsjfs85qf6vmcurlx43cnc16gy foreign key (customer_id) references users
Hibernate: alter table if exists orders add constraint FK3s2t83m5ddty3rgomn94d4ht6 foreign key (delivery_address_id) references addresses
Hibernate: alter table if exists orders add constraint FK2m9qulf12xm537bku3jnrrbup foreign key (restaurant_id) references restaurants
Hibernate: alter table if exists reset_password_token add constraint FKlu8wgvb3mkbxir0sls596u7np foreign key (user_id) references users
Hibernate: alter table if exists restaurant_images add constraint FK714rhrkn3odt4ucjohgipd9h4 foreign key (restaurant_id) references restaurants
Hibernate: alter table if exists restaurants add constraint FKf77xr396uxbl0crr0pq0qj2q7 foreign key (address_id) references addresses
Hibernate: alter table if exists restaurants add constraint FKp5mmmypepihvmkdb83qwugr4d foreign key (owner_id) references users
Hibernate: alter table if exists reviews add constraint FKsu8ow2q842enesfbqphjrfi5g foreign key (restaurant_id) references restaurants
Hibernate: alter table if exists reviews add constraint FKcgy7qjc1r99dp117y9en6lxye foreign key (user_id) references users
Hibernate: alter table if exists user_favourites add constraint FKabvu89h6aiej61pri2aoyakt2 foreign key (restaurant_id) references restaurants
Hibernate: alter table if exists user_favourites add constraint FKsotykjapinh9k0qddenalw94k foreign key (user_id) references users
2025-08-16T16:33:07.574+07:00  INFO 35756 --- [foodordering] [           main] j.LocalContainerEntityManagerFactoryBean : Initialized JPA EntityManagerFactory for persistence unit 'default'
2025-08-16T16:33:08.242+07:00  INFO 35756 --- [foodordering] [           main] o.s.d.j.r.query.QueryEnhancerFactory     : Hibernate is in classpath; If applicable, HQL parser will be used.
2025-08-16T16:33:09.275+07:00  WARN 35756 --- [foodordering] [           main] JpaBaseConfiguration$JpaWebConfiguration : spring.jpa.open-in-view is enabled by default. Therefore, database queries may be performed during view rendering. Explicitly configure spring.jpa.open-in-view to disable this warning
2025-08-16T16:33:09.803+07:00  INFO 35756 --- [foodordering] [           main] o.s.s.web.DefaultSecurityFilterChain     : Will secure any request with [org.springframework.security.web.session.DisableEncodeUrlFilter@29fe45a3, org.springframework.security.web.context.request.async.WebAsyncManagerIntegrationFilter@1cdb3ccd, org.springframework.security.web.context.SecurityContextHolderFilter@28bbac99, org.springframework.security.web.header.HeaderWriterFilter@321b3440, org.springframework.web.filter.CorsFilter@2af97fb9, org.springframework.security.web.authentication.logout.LogoutFilter@7dafb9f9, com.nguyenthanhbang.foodordering.config.JwtFilter@53c0424a, org.springframework.security.oauth2.server.resource.web.authentication.BearerTokenAuthenticationFilter@1ef50c3b, org.springframework.security.web.savedrequest.RequestCacheAwareFilter@5d7efdb4, org.springframework.security.web.servletapi.SecurityContextHolderAwareRequestFilter@22b0c1cf, org.springframework.security.web.authentication.AnonymousAuthenticationFilter@1500416c, org.springframework.security.web.session.SessionManagementFilter@49e35c6, org.springframework.security.web.access.ExceptionTranslationFilter@2a801d1e, org.springframework.security.web.access.intercept.AuthorizationFilter@5e5db72e]
2025-08-16T16:33:10.293+07:00  INFO 35756 --- [foodordering] [           main] o.s.m.s.b.SimpleBrokerMessageHandler     : Starting...
2025-08-16T16:33:10.294+07:00  INFO 35756 --- [foodordering] [           main] o.s.m.s.b.SimpleBrokerMessageHandler     : BrokerAvailabilityEvent[available=true, SimpleBrokerMessageHandler [org.springframework.messaging.simp.broker.DefaultSubscriptionRegistry@482bdb02]]
2025-08-16T16:33:10.296+07:00  INFO 35756 --- [foodordering] [           main] o.s.m.s.b.SimpleBrokerMessageHandler     : Started.
2025-08-16T16:33:10.303+07:00  INFO 35756 --- [foodordering] [           main] c.n.f.FoodorderingApplicationTests       : Started FoodorderingApplicationTests in 6.908 seconds (process running for 8.125)
]]></system-out>
  </testcase>
</testsuite>